2011-03-14 21:30:21,775 INFO Mail REG_REQ_CS sent to [u'pensimus@seznam.cz']
2011-03-14 23:06:20,855 INFO Mail REG_REQ_CS sent to [u'pensimus@seznam.cz']
2011-04-12 21:27:01,356 INFO Mail REG_APP_CS sent to [u'pensimusm@seznam.cz']
2011-04-12 22:35:49,054 INFO Mail REG_DNY_CS sent to [u'pensimus@seznam.cz']
2011-04-13 01:14:35,039 INFO Mail REG_APP_CS sent to [u'pensimus@seznam.cz']
2011-04-13 01:37:49,133 INFO Mail REG_APP_CS sent to [u'pensimusm@seznam.cz']
2011-04-13 15:06:23,322 ERROR Mail REG_APP_CS could not be sent. Exception was: [Errno 110] Connection timed out
2011-04-27 01:27:06,841 INFO Mail REG_REQ_CS sent to [u'pensimus@seznam.cz']
2011-04-27 01:28:21,279 INFO Mail REG_APP_CS sent to [u'pensimus@seznam.cz']
2011-04-27 10:06:45,492 INFO Mail REG_APP_CS sent to [u'pensimus@seznam.cz']
2011-05-23 00:03:51,820 INFO Mail REG_REQ_CS sent to [u'aaa@www.ss']
2011-06-11 14:48:41,054 INFO Mail RES_SUC_CS sent to [u'wagnejan@fel.cvut.cz']
2011-06-13 04:29:33,482 INFO Mail RES_SUC_CS sent to [u'wagnejan@fel.cvut.cz']
2011-06-16 21:24:20,312 INFO Created new permission: user_management | User registration request | Can deny registration request Hradec Kralove
2011-06-16 21:24:20,365 INFO Created new permission: user_management | User registration request | Can approve registration request Hradec Kralove
2011-06-16 21:24:20,369 INFO Created new permission: cars | Car | Can add car to subsidiary Hradec Kralove
2011-06-16 21:24:20,373 INFO Created new permission: cars | Car | Can change car in subsidiary Hradec Kralove
2011-06-16 21:24:20,381 INFO Created new permission: cars | Car | Can delete car in subsidiary Hradec Kralove
2011-06-16 21:24:20,385 INFO Created new permission: user_management | User | Can add user in subsidiary Hradec Kralove
2011-06-16 21:24:20,391 INFO Created new permission: user_management | User | Can change user in subsidiary Hradec Kralove
2011-06-16 21:24:20,396 INFO Created new permission: user_management | User | Can delete user in subsidiary Hradec Kralove
2011-07-06 11:01:17,949 INFO Mail RES_SUC_CS sent to [u'wagnejan@fel.cvut.cz']
2011-07-06 11:03:42,995 INFO Mail RES_SUC_CS sent to [u'wagnejan@fel.cvut.cz']
2011-07-06 13:23:51,477 INFO Mail RES_SUC_CS sent to [u'wagnejan@fel.cvut.cz']
2011-07-06 17:30:51,818 INFO Mail RES_SUC_CS sent to [u'wagnejan@fel.cvut.cz']
2011-07-09 11:02:19,387 INFO Mail RES_SUC_CS sent to [u'wagnejan@fel.cvut.cz']
2011-07-09 18:19:38,809 INFO Mail RES_SUC_EN sent to [u'wagnejan@fel.cvut.cz']
2011-07-11 11:31:53,093 INFO Mail RES_SUC_EN sent to [u'wagnejan@fel.cvut.cz']
2011-07-11 15:40:07,340 INFO Mail RES_SUC_EN sent to [u'wagnejan@fel.cvut.cz']
2011-07-17 11:43:47,162 INFO Mail RES_SUC_EN sent to [u'wagnejan@fel.cvut.cz']
2011-07-17 11:55:17,267 INFO Mail RES_SUC_EN sent to [u'wagnejan@fel.cvut.cz']
2011-07-17 11:57:21,129 INFO Mail RES_SUC_EN sent to [u'wagnejan@fel.cvut.cz']
2011-07-17 13:42:16,262 INFO Mail RES_SUC_EN sent to [u'wagnejan@fel.cvut.cz']
2011-07-17 13:42:51,365 INFO Mail RES_SUC_EN sent to [u'wagnejan@fel.cvut.cz']
2011-07-17 13:43:38,651 INFO Mail RES_SUC_EN sent to [u'wagnejan@fel.cvut.cz']
2011-07-17 13:56:30,229 INFO Mail RES_SUC_EN sent to [u'wagnejan@fel.cvut.cz']
2011-07-18 08:52:19,811 INFO Mail RES_SUC_EN sent to [u'wagnejan@fel.cvut.cz']
2011-07-18 09:55:44,937 INFO Mail RES_SUC_EN sent to [u'wagnejan@fel.cvut.cz']
2011-07-18 11:49:08,907 INFO Mail RES_SUC_EN sent to [u'wagnejan@fel.cvut.cz']
2011-07-25 16:09:35,083 ERROR Mail RES_SUC_EN could not be sent. Exception was: [Errno -2] Name or service not known
2011-08-29 14:57:59,472 INFO Mail RES_SUC_EN sent to [u'wagnejan@fel.cvut.cz']
2011-09-04 15:50:40,642 INFO Mail RES_SUC_EN sent to [u'wagnejan@fel.cvut.cz']
2011-09-04 17:28:13,155 INFO Mail RES_SUC_EN sent to [u'wagnejan@fel.cvut.cz']
2011-09-04 17:28:46,592 INFO Mail RES_SUC_EN sent to [u'wagnejan@fel.cvut.cz']
2011-09-04 18:11:43,951 INFO Mail RES_SUC_EN sent to [u'wagnejan@fel.cvut.cz']
2011-09-04 18:50:28,961 INFO Mail RES_SUC_EN sent to [u'wagnejan@fel.cvut.cz']
2011-09-15 14:53:53,449 INFO Mail RES_SUC_EN sent to [u'wagnejan@fel.cvut.cz']
2011-09-15 15:53:25,902 INFO Mail RES_SUC_EN sent to [u'wagnejan@fel.cvut.cz']
2011-09-19 14:52:34,004 INFO Mail RES_SUC_EN sent to [u'wagnejan@fel.cvut.cz']
2011-09-21 07:52:06,029 INFO Mail RES_SUC_EN sent to [u'wagnejan@fel.cvut.cz']
2011-09-21 14:45:46,535 ERROR Mail RES_SUC_EN could not be sent. Exception was: [Errno -2] Name or service not known
2011-11-06 17:05:38,046 INFO Mail RES_SUC_CS sent to [u'wagnejan@fel.cvut.cz']
